{"C:\\react\\rest_api_node_ts_server\\src\\server.ts": {"path":"C:\\react\\rest_api_node_ts_server\\src\\server.ts","statementMap":{"0":{"start":{"line":1,"column":0},"end":{"line":1,"column":30}},"1":{"start":{"line":2,"column":0},"end":{"line":2,"column":29}},"2":{"start":{"line":3,"column":0},"end":{"line":3,"column":null}},"3":{"start":{"line":11,"column":0},"end":{"line":11,"column":48}},"4":{"start":{"line":12,"column":0},"end":{"line":12,"column":49}},"5":{"start":{"line":16,"column":2},"end":{"line":21,"column":3}},"6":{"start":{"line":17,"column":4},"end":{"line":17,"column":28}},"7":{"start":{"line":18,"column":4},"end":{"line":18,"column":14}},"8":{"start":{"line":20,"column":4},"end":{"line":20,"column":23}},"9":{"start":{"line":23,"column":0},"end":{"line":23,"column":12}},"10":{"start":{"line":25,"column":15},"end":{"line":25,"column":24}},"11":{"start":{"line":26,"column":0},"end":{"line":26,"column":27}},"12":{"start":{"line":28,"column":0},"end":{"line":28,"column":28}},"13":{"start":{"line":29,"column":0},"end":{"line":34,"column":2}},"14":{"start":{"line":36,"column":0},"end":{"line":48,"column":2}},"15":{"start":{"line":44,"column":23},"end":{"line":44,"column":32}},"16":{"start":{"line":50,"column":0},"end":{"line":63,"column":2}},"17":{"start":{"line":59,"column":23},"end":{"line":59,"column":32}},"18":{"start":{"line":65,"column":0},"end":{"line":70,"column":2}},"19":{"start":{"line":72,"column":0},"end":{"line":77,"column":2}},"20":{"start":{"line":79,"column":0},"end":{"line":79,"column":22}}},"fnMap":{"0":{"name":"connectDB","decl":{"start":{"line":15,"column":15},"end":{"line":15,"column":24}},"loc":{"start":{"line":15,"column":24},"end":{"line":22,"column":1}}},"1":{"name":"(anonymous_2)","decl":{"start":{"line":44,"column":12},"end":{"line":44,"column":13}},"loc":{"start":{"line":44,"column":23},"end":{"line":44,"column":32}}},"2":{"name":"(anonymous_3)","decl":{"start":{"line":59,"column":12},"end":{"line":59,"column":13}},"loc":{"start":{"line":59,"column":23},"end":{"line":59,"column":32}}}},"branchMap":{},"s":{"0":1,"1":1,"2":1,"3":1,"4":1,"5":1,"6":1,"7":1,"8":0,"9":1,"10":1,"11":1,"12":1,"13":1,"14":1,"15":4,"16":1,"17":5,"18":1,"19":1,"20":1},"f":{"0":1,"1":4,"2":5},"b":{}}
,"C:\\react\\rest_api_node_ts_server\\src\\config\\db.ts": {"path":"C:\\react\\rest_api_node_ts_server\\src\\config\\db.ts","statementMap":{"0":{"start":{"line":1,"column":0},"end":{"line":1,"column":49}},"1":{"start":{"line":2,"column":0},"end":{"line":2,"column":28}},"2":{"start":{"line":4,"column":0},"end":{"line":4,"column":16}},"3":{"start":{"line":5,"column":11},"end":{"line":9,"column":2}},"4":{"start":{"line":11,"column":0},"end":{"line":11,"column":18}}},"fnMap":{},"branchMap":{},"s":{"0":1,"1":1,"2":1,"3":1,"4":1},"f":{},"b":{}}
,"C:\\react\\rest_api_node_ts_server\\src\\handlers\\product.ts": {"path":"C:\\react\\rest_api_node_ts_server\\src\\handlers\\product.ts","statementMap":{"0":{"start":{"line":2,"column":0},"end":{"line":2,"column":46}},"1":{"start":{"line":4,"column":26},"end":{"line":13,"column":1}},"2":{"start":{"line":5,"column":2},"end":{"line":12,"column":3}},"3":{"start":{"line":6,"column":20},"end":{"line":8,"column":6}},"4":{"start":{"line":9,"column":4},"end":{"line":9,"column":30}},"5":{"start":{"line":11,"column":4},"end":{"line":11,"column":23}},"6":{"start":{"line":4,"column":13},"end":{"line":4,"column":26}},"7":{"start":{"line":15,"column":30},"end":{"line":26,"column":1}},"8":{"start":{"line":16,"column":2},"end":{"line":25,"column":3}},"9":{"start":{"line":17,"column":17},"end":{"line":17,"column":27}},"10":{"start":{"line":18,"column":21},"end":{"line":18,"column":47}},"11":{"start":{"line":19,"column":4},"end":{"line":21,"column":5}},"12":{"start":{"line":20,"column":6},"end":{"line":20,"column":64}},"13":{"start":{"line":22,"column":4},"end":{"line":22,"column":30}},"14":{"start":{"line":24,"column":4},"end":{"line":24,"column":23}},"15":{"start":{"line":15,"column":13},"end":{"line":15,"column":30}},"16":{"start":{"line":28,"column":29},"end":{"line":35,"column":1}},"17":{"start":{"line":29,"column":2},"end":{"line":34,"column":3}},"18":{"start":{"line":30,"column":20},"end":{"line":30,"column":50}},"19":{"start":{"line":31,"column":4},"end":{"line":31,"column":44}},"20":{"start":{"line":33,"column":4},"end":{"line":33,"column":23}},"21":{"start":{"line":28,"column":13},"end":{"line":28,"column":29}},"22":{"start":{"line":37,"column":29},"end":{"line":51,"column":1}},"23":{"start":{"line":38,"column":2},"end":{"line":50,"column":3}},"24":{"start":{"line":39,"column":17},"end":{"line":39,"column":27}},"25":{"start":{"line":40,"column":21},"end":{"line":40,"column":47}},"26":{"start":{"line":41,"column":4},"end":{"line":43,"column":5}},"27":{"start":{"line":42,"column":6},"end":{"line":42,"column":64}},"28":{"start":{"line":45,"column":4},"end":{"line":45,"column":35}},"29":{"start":{"line":46,"column":4},"end":{"line":46,"column":25}},"30":{"start":{"line":47,"column":4},"end":{"line":47,"column":30}},"31":{"start":{"line":49,"column":4},"end":{"line":49,"column":23}},"32":{"start":{"line":37,"column":13},"end":{"line":37,"column":29}},"33":{"start":{"line":54,"column":34},"end":{"line":68,"column":1}},"34":{"start":{"line":55,"column":2},"end":{"line":67,"column":3}},"35":{"start":{"line":56,"column":17},"end":{"line":56,"column":27}},"36":{"start":{"line":57,"column":21},"end":{"line":57,"column":47}},"37":{"start":{"line":58,"column":4},"end":{"line":60,"column":5}},"38":{"start":{"line":59,"column":6},"end":{"line":59,"column":64}},"39":{"start":{"line":62,"column":4},"end":{"line":62,"column":60}},"40":{"start":{"line":63,"column":4},"end":{"line":63,"column":25}},"41":{"start":{"line":64,"column":4},"end":{"line":64,"column":30}},"42":{"start":{"line":66,"column":4},"end":{"line":66,"column":23}},"43":{"start":{"line":54,"column":13},"end":{"line":54,"column":34}},"44":{"start":{"line":70,"column":29},"end":{"line":84,"column":1}},"45":{"start":{"line":71,"column":2},"end":{"line":83,"column":3}},"46":{"start":{"line":72,"column":17},"end":{"line":72,"column":27}},"47":{"start":{"line":73,"column":21},"end":{"line":73,"column":47}},"48":{"start":{"line":74,"column":4},"end":{"line":76,"column":5}},"49":{"start":{"line":75,"column":6},"end":{"line":75,"column":64}},"50":{"start":{"line":78,"column":4},"end":{"line":78,"column":28}},"51":{"start":{"line":79,"column":4},"end":{"line":79,"column":53}},"52":{"start":{"line":82,"column":4},"end":{"line":82,"column":23}},"53":{"start":{"line":70,"column":13},"end":{"line":70,"column":29}}},"fnMap":{"0":{"name":"(anonymous_1)","decl":{"start":{"line":4,"column":26},"end":{"line":4,"column":31}},"loc":{"start":{"line":4,"column":64},"end":{"line":13,"column":1}}},"1":{"name":"(anonymous_2)","decl":{"start":{"line":15,"column":30},"end":{"line":15,"column":35}},"loc":{"start":{"line":15,"column":68},"end":{"line":26,"column":1}}},"2":{"name":"(anonymous_3)","decl":{"start":{"line":28,"column":29},"end":{"line":28,"column":34}},"loc":{"start":{"line":28,"column":67},"end":{"line":35,"column":1}}},"3":{"name":"(anonymous_4)","decl":{"start":{"line":37,"column":29},"end":{"line":37,"column":34}},"loc":{"start":{"line":37,"column":67},"end":{"line":51,"column":1}}},"4":{"name":"(anonymous_5)","decl":{"start":{"line":54,"column":34},"end":{"line":54,"column":39}},"loc":{"start":{"line":54,"column":72},"end":{"line":68,"column":1}}},"5":{"name":"(anonymous_6)","decl":{"start":{"line":70,"column":29},"end":{"line":70,"column":34}},"loc":{"start":{"line":70,"column":67},"end":{"line":84,"column":1}}}},"branchMap":{"0":{"loc":{"start":{"line":19,"column":4},"end":{"line":21,"column":5}},"type":"if","locations":[{"start":{"line":19,"column":4},"end":{"line":21,"column":5}}]},"1":{"loc":{"start":{"line":41,"column":4},"end":{"line":43,"column":5}},"type":"if","locations":[{"start":{"line":41,"column":4},"end":{"line":43,"column":5}}]},"2":{"loc":{"start":{"line":58,"column":4},"end":{"line":60,"column":5}},"type":"if","locations":[{"start":{"line":58,"column":4},"end":{"line":60,"column":5}}]},"3":{"loc":{"start":{"line":74,"column":4},"end":{"line":76,"column":5}},"type":"if","locations":[{"start":{"line":74,"column":4},"end":{"line":76,"column":5}}]}},"s":{"0":1,"1":1,"2":2,"3":2,"4":2,"5":0,"6":1,"7":1,"8":2,"9":2,"10":2,"11":2,"12":1,"13":1,"14":0,"15":1,"16":1,"17":1,"18":1,"19":1,"20":0,"21":1,"22":1,"23":2,"24":2,"25":2,"26":2,"27":1,"28":1,"29":1,"30":1,"31":0,"32":1,"33":1,"34":0,"35":0,"36":0,"37":0,"38":0,"39":0,"40":0,"41":0,"42":0,"43":1,"44":1,"45":0,"46":0,"47":0,"48":0,"49":0,"50":0,"51":0,"52":0,"53":1},"f":{"0":2,"1":2,"2":1,"3":2,"4":0,"5":0},"b":{"0":[1],"1":[1],"2":[0],"3":[0]}}
,"C:\\react\\rest_api_node_ts_server\\src\\middleware\\index.ts": {"path":"C:\\react\\rest_api_node_ts_server\\src\\middleware\\index.ts","statementMap":{"0":{"start":{"line":2,"column":0},"end":{"line":2,"column":53}},"1":{"start":{"line":4,"column":33},"end":{"line":12,"column":1}},"2":{"start":{"line":5,"column":17},"end":{"line":5,"column":38}},"3":{"start":{"line":7,"column":4},"end":{"line":9,"column":5}},"4":{"start":{"line":8,"column":6},"end":{"line":8,"column":62}},"5":{"start":{"line":11,"column":4},"end":{"line":11,"column":11}},"6":{"start":{"line":4,"column":13},"end":{"line":4,"column":33}}},"fnMap":{"0":{"name":"(anonymous_0)","decl":{"start":{"line":4,"column":33},"end":{"line":4,"column":34}},"loc":{"start":{"line":4,"column":84},"end":{"line":12,"column":1}}}},"branchMap":{"0":{"loc":{"start":{"line":7,"column":4},"end":{"line":9,"column":5}},"type":"if","locations":[{"start":{"line":7,"column":4},"end":{"line":9,"column":5}}]}},"s":{"0":1,"1":1,"2":12,"3":12,"4":7,"5":5,"6":1},"f":{"0":12},"b":{"0":[7]}}
,"C:\\react\\rest_api_node_ts_server\\src\\models\\Product.model.ts": {"path":"C:\\react\\rest_api_node_ts_server\\src\\models\\Product.model.ts","statementMap":{"0":{"start":{"line":1,"column":0},"end":{"line":1,"column":79}},"1":{"start":{"line":7,"column":15},"end":{"line":23,"column":null}},"2":{"start":{"line":11,"column":12},"end":{"line":11,"column":null}},"3":{"start":{"line":16,"column":12},"end":{"line":16,"column":null}},"4":{"start":{"line":22,"column":12},"end":{"line":22,"column":null}},"5":{"start":{"line":7,"column":21},"end":{"line":23,"column":null}},"6":{"start":{"line":7,"column":21},"end":{"line":7,"column":29}}},"fnMap":{},"branchMap":{},"s":{"0":1,"1":1,"2":1,"3":1,"4":1,"5":1,"6":1},"f":{},"b":{}}
}
