TN:
SF:src\server.ts
FN:15,connectDB
FN:44,(anonymous_2)
FN:59,(anonymous_3)
FNF:3
FNH:3
FNDA:1,connectDB
FNDA:4,(anonymous_2)
FNDA:5,(anonymous_3)
DA:1,1
DA:2,1
DA:3,1
DA:11,1
DA:12,1
DA:16,1
DA:17,1
DA:18,1
DA:20,0
DA:23,1
DA:25,1
DA:26,1
DA:28,1
DA:29,1
DA:36,1
DA:44,4
DA:50,1
DA:59,5
DA:65,1
DA:72,1
DA:79,1
LF:21
LH:20
BRF:0
BRH:0
end_of_record
TN:
SF:src\config\db.ts
FNF:0
FNH:0
DA:1,1
DA:2,1
DA:4,1
DA:5,1
DA:11,1
LF:5
LH:5
BRF:0
BRH:0
end_of_record
TN:
SF:src\handlers\product.ts
FN:4,(anonymous_1)
FN:15,(anonymous_2)
FN:28,(anonymous_3)
FN:37,(anonymous_4)
FN:54,(anonymous_5)
FN:70,(anonymous_6)
FNF:6
FNH:4
FNDA:2,(anonymous_1)
FNDA:2,(anonymous_2)
FNDA:1,(anonymous_3)
FNDA:2,(anonymous_4)
FNDA:0,(anonymous_5)
FNDA:0,(anonymous_6)
DA:2,1
DA:4,1
DA:5,2
DA:6,2
DA:9,2
DA:11,0
DA:15,1
DA:16,2
DA:17,2
DA:18,2
DA:19,2
DA:20,1
DA:22,1
DA:24,0
DA:28,1
DA:29,1
DA:30,1
DA:31,1
DA:33,0
DA:37,1
DA:38,2
DA:39,2
DA:40,2
DA:41,2
DA:42,1
DA:45,1
DA:46,1
DA:47,1
DA:49,0
DA:54,1
DA:55,0
DA:56,0
DA:57,0
DA:58,0
DA:59,0
DA:62,0
DA:63,0
DA:64,0
DA:66,0
DA:70,1
DA:71,0
DA:72,0
DA:73,0
DA:74,0
DA:75,0
DA:78,0
DA:79,0
DA:82,0
LF:48
LH:27
BRDA:19,0,0,1
BRDA:41,1,0,1
BRDA:58,2,0,0
BRDA:74,3,0,0
BRF:4
BRH:2
end_of_record
TN:
SF:src\middleware\index.ts
FN:4,(anonymous_0)
FNF:1
FNH:1
FNDA:12,(anonymous_0)
DA:2,1
DA:4,1
DA:5,12
DA:7,12
DA:8,7
DA:11,5
LF:6
LH:6
BRDA:7,0,0,7
BRF:1
BRH:1
end_of_record
TN:
SF:src\models\Product.model.ts
FNF:0
FNH:0
DA:1,1
DA:7,1
DA:11,1
DA:16,1
DA:22,1
LF:5
LH:5
BRF:0
BRH:0
end_of_record
